Using pre-set license
Built from '2020.3/staging' branch; Version is '2020.3.16f1 (049d6eca3c44) revision 302446'; Using compiler version '192528614'; Build Type 'Release'
OS: 'Windows 10 Home Single Language; OS build 19042.1237; Version 2009; 64bit' Language: 'es' Physical Memory: 15789 MB
BatchMode: 1, IsHumanControllingUs: 0, StartBugReporterOnCrash: 0, Is64bit: 1, IsPro: 0

 COMMAND LINE ARGUMENTS:
C:\Program Files\Unity\Hub\Editor\2020.3.16f1\Editor\Unity.exe
-adb2
-batchMode
-noUpm
-name
AssetImportWorker0
-projectPath
C:/Users/JoseM/Documents/GitHub/Chema_kart/New Unity Project_clone
-logFile
Logs/AssetImportWorker0.log
-srvPort
49733
Successfully changed project path to: C:/Users/JoseM/Documents/GitHub/Chema_kart/New Unity Project_clone
C:/Users/JoseM/Documents/GitHub/Chema_kart/New Unity Project_clone
Using Asset Import Pipeline V2.
Refreshing native plugins compatible for Editor in 239.55 ms, found 2 plugins.
Preloading 0 native plugins for Editor in 0.00 ms.
Initialize engine version: 2020.3.16f1 (049d6eca3c44)
[Subsystems] Discovering subsystems at path C:/Program Files/Unity/Hub/Editor/2020.3.16f1/Editor/Data/Resources/UnitySubsystems
[Subsystems] Discovering subsystems at path C:/Users/JoseM/Documents/GitHub/Chema_kart/New Unity Project_clone/Assets
GfxDevice: creating device client; threaded=0
Direct3D:
    Version:  Direct3D 11.0 [level 11.1]
    Renderer: NVIDIA GeForce RTX 2060 (ID=0x1f15)
    Vendor:   
    VRAM:     5980 MB
    Driver:   27.21.14.6089
Initialize mono
Mono path[0] = 'C:/Program Files/Unity/Hub/Editor/2020.3.16f1/Editor/Data/Managed'
Mono path[1] = 'C:/Program Files/Unity/Hub/Editor/2020.3.16f1/Editor/Data/MonoBleedingEdge/lib/mono/unityjit'
Mono config path = 'C:/Program Files/Unity/Hub/Editor/2020.3.16f1/Editor/Data/MonoBleedingEdge/etc'
Using monoOptions --debugger-agent=transport=dt_socket,embedding=1,server=y,suspend=n,address=127.0.0.1:56384
Begin MonoManager ReloadAssembly
Registering precompiled unity dll's ...
Register platform support module: C:/Program Files/Unity/Hub/Editor/2020.3.16f1/Editor/Data/PlaybackEngines/WindowsStandaloneSupport/UnityEditor.WindowsStandalone.Extensions.dll
Registered in 0.002619 seconds.
Native extension for WindowsStandalone target not found
Refreshing native plugins compatible for Editor in 47.17 ms, found 2 plugins.
Preloading 0 native plugins for Editor in 0.00 ms.
Mono: successfully reloaded assembly
- Completed reload, in  2.654 seconds
Domain Reload Profiling:
	ReloadAssembly (2654ms)
		BeginReloadAssembly (60ms)
			ExecutionOrderSort (0ms)
			DisableScriptedObjects (0ms)
			BackupInstance (0ms)
			ReleaseScriptingObjects (0ms)
			CreateAndSetChildDomain (1ms)
		EndReloadAssembly (726ms)
			LoadAssemblies (56ms)
			RebuildTransferFunctionScriptingTraits (0ms)
			SetupTypeCache (376ms)
			ReleaseScriptCaches (0ms)
			RebuildScriptCaches (27ms)
			SetupLoadedEditorAssemblies (163ms)
				LogAssemblyErrors (0ms)
				InitializePlatformSupportModulesInManaged (5ms)
				SetLoadedEditorAssemblies (0ms)
				RefreshPlugins (47ms)
				BeforeProcessingInitializeOnLoad (14ms)
				ProcessInitializeOnLoadAttributes (69ms)
				ProcessInitializeOnLoadMethodAttributes (26ms)
				AfterProcessingInitializeOnLoad (0ms)
				EditorAssembliesLoaded (0ms)
			ExecutionOrderSort2 (0ms)
			AwakeInstancesAfterBackupRestoration (0ms)
Platform modules already initialized, skipping
Registering precompiled user dll's ...
Registered in 0.186600 seconds.
Begin MonoManager ReloadAssembly
Native extension for WindowsStandalone target not found
Refreshing native plugins compatible for Editor in 0.53 ms, found 2 plugins.
Preloading 0 native plugins for Editor in 0.00 ms.
Mono: successfully reloaded assembly
- Completed reload, in  1.560 seconds
Domain Reload Profiling:
	ReloadAssembly (1561ms)
		BeginReloadAssembly (128ms)
			ExecutionOrderSort (0ms)
			DisableScriptedObjects (4ms)
			BackupInstance (0ms)
			ReleaseScriptingObjects (0ms)
			CreateAndSetChildDomain (18ms)
		EndReloadAssembly (1366ms)
			LoadAssemblies (97ms)
			RebuildTransferFunctionScriptingTraits (0ms)
			SetupTypeCache (442ms)
			ReleaseScriptCaches (0ms)
			RebuildScriptCaches (45ms)
			SetupLoadedEditorAssemblies (695ms)
				LogAssemblyErrors (0ms)
				InitializePlatformSupportModulesInManaged (4ms)
				SetLoadedEditorAssemblies (0ms)
				RefreshPlugins (1ms)
				BeforeProcessingInitializeOnLoad (88ms)
				ProcessInitializeOnLoadAttributes (251ms)
				ProcessInitializeOnLoadMethodAttributes (10ms)
				AfterProcessingInitializeOnLoad (340ms)
				EditorAssembliesLoaded (0ms)
			ExecutionOrderSort2 (0ms)
			AwakeInstancesAfterBackupRestoration (5ms)
Platform modules already initialized, skipping
========================================================================
Worker process is ready to serve import requests
Launched and connected shader compiler UnityShaderCompiler.exe after 0.08 seconds
Refreshing native plugins compatible for Editor in 0.59 ms, found 2 plugins.
Preloading 0 native plugins for Editor in 0.00 ms.
Unloading 1998 Unused Serialized files (Serialized files now loaded: 0)
System memory in use before: 89.6 MB.
System memory in use after: 89.7 MB.

Unloading 23 unused Assets to reduce memory usage. Loaded Objects now: 2428.
Total: 3.497800 ms (FindLiveObjects: 0.214000 ms CreateObjectMapping: 0.046200 ms MarkObjects: 3.155400 ms  DeleteObjects: 0.080400 ms)

AssetImportParameters requested are different than current active one (requested -> active):
  custom:framework-win-MediaFoundation: 216162199b28c13a410421893ffa2e32 -> 
  custom:video-decoder-ogg-theora: a1e56fd34408186e4bbccfd4996cb3dc -> 
  custom:container-muxer-webm: aa71ff27fc2769a1b78a27578f13a17b -> 
  custom:container-demuxer-webm: 4f35f7cbe854078d1ac9338744f61a02 -> 
  custom:container-demuxer-ogg: 62fdf1f143b41e24485cea50d1cbac27 -> 
  custom:video-encoder-webm-vp8: eb34c28f22e8b96e1ab97ce403110664 -> 
  custom:video-codec-MediaFoundation-h265: 746d11721c4dcdbdad8f713fa42b33f4 -> 
  custom:video-decoder-webm-vp8: 9c59270c3fd7afecdb556c50c9e8de78 -> 
  custom:audio-decoder-ogg-vorbis: bf7c407c2cedff20999df2af8eb42d56 -> 
  custom:audio-encoder-webm-vorbis: bf7c407c2cedff20999df2af8eb42d56 -> 
========================================================================
Received Import Request.
  path: Assets/prefabs/speed_ups.prefab
  artifactKey: Guid(0009fada4ad2a6c4b89b4bb86aff3d4c) Importer(815301076,1909f56bfc062723c751e8b465ee728b)
Start importing Assets/prefabs/speed_ups.prefab using Guid(0009fada4ad2a6c4b89b4bb86aff3d4c) Importer(815301076,1909f56bfc062723c751e8b465ee728b)  -> (artifact id: 'bf795ce98b79ef39b1fee6d7d7aa81c2') in 0.254652 seconds 
  Import took 0.258359 seconds .

========================================================================
Received Import Request.
  Time since last request: 0.000246 seconds.
  path: Assets/prefabs/power-ups.prefab
  artifactKey: Guid(de23c21f47d66764fb24158b1d049831) Importer(815301076,1909f56bfc062723c751e8b465ee728b)
Start importing Assets/prefabs/power-ups.prefab using Guid(de23c21f47d66764fb24158b1d049831) Importer(815301076,1909f56bfc062723c751e8b465ee728b)  -> (artifact id: '8055b70a69436a1e540d2a1317fe7fbc') in 0.016227 seconds 
  Import took 0.019052 seconds .

========================================================================
Received Import Request.
  Time since last request: 0.000157 seconds.
  path: Assets/prefabs/Bala.prefab
  artifactKey: Guid(17cce6c70f9a38845a3def928d6e8649) Importer(815301076,1909f56bfc062723c751e8b465ee728b)
Start importing Assets/prefabs/Bala.prefab using Guid(17cce6c70f9a38845a3def928d6e8649) Importer(815301076,1909f56bfc062723c751e8b465ee728b)  -> (artifact id: '61024ceb0942c3e756d14ac6e19d9dc5') in 0.018220 seconds 
  Import took 0.021221 seconds .

========================================================================
Received Import Request.
  Time since last request: 0.000157 seconds.
  path: Assets/prefabs/check points.prefab
  artifactKey: Guid(e1662b0ebde38f24b850ff972b325d02) Importer(815301076,1909f56bfc062723c751e8b465ee728b)
Start importing Assets/prefabs/check points.prefab using Guid(e1662b0ebde38f24b850ff972b325d02) Importer(815301076,1909f56bfc062723c751e8b465ee728b)  -> (artifact id: '87d8f95420dc627f1f83fe2e84faeaeb') in 0.024494 seconds 
  Import took 0.027594 seconds .

========================================================================
Received Import Request.
  Time since last request: 0.000202 seconds.
  path: Assets/prefabs/subaru.prefab
  artifactKey: Guid(3d9bc126c21fbc24a90ef94bec9d29cb) Importer(815301076,1909f56bfc062723c751e8b465ee728b)
Start importing Assets/prefabs/subaru.prefab using Guid(3d9bc126c21fbc24a90ef94bec9d29cb) Importer(815301076,1909f56bfc062723c751e8b465ee728b)  -> (artifact id: 'e0ae8a156c113450b6712c54a5b16da6') in 0.048764 seconds 
  Import took 0.052940 seconds .

========================================================================
Received Import Request.
  Time since last request: 0.000168 seconds.
  path: Assets/prefabs/muscle car.prefab
  artifactKey: Guid(eacf4ce76c265be4a9182e1e3b9a65eb) Importer(815301076,1909f56bfc062723c751e8b465ee728b)
Start importing Assets/prefabs/muscle car.prefab using Guid(eacf4ce76c265be4a9182e1e3b9a65eb) Importer(815301076,1909f56bfc062723c751e8b465ee728b)  -> (artifact id: '29a2cd0a69a425330a0fe000b43dedfb') in 0.034367 seconds 
  Import took 0.037515 seconds .

