Using pre-set license
Built from '2020.3/staging' branch; Version is '2020.3.16f1 (049d6eca3c44) revision 302446'; Using compiler version '192528614'; Build Type 'Release'
OS: 'Windows 10 Home Single Language; OS build 19042.1237; Version 2009; 64bit' Language: 'es' Physical Memory: 15789 MB
BatchMode: 1, IsHumanControllingUs: 0, StartBugReporterOnCrash: 0, Is64bit: 1, IsPro: 0

 COMMAND LINE ARGUMENTS:
C:\Program Files\Unity\Hub\Editor\2020.3.16f1\Editor\Unity.exe
-adb2
-batchMode
-noUpm
-name
AssetImportWorker0
-projectPath
C:/Users/JoseM/Documents/GitHub/Chema_kart/New Unity Project
-logFile
Logs/AssetImportWorker0.log
-srvPort
52969
Successfully changed project path to: C:/Users/JoseM/Documents/GitHub/Chema_kart/New Unity Project
C:/Users/JoseM/Documents/GitHub/Chema_kart/New Unity Project
Using Asset Import Pipeline V2.
Refreshing native plugins compatible for Editor in 52.94 ms, found 2 plugins.
Preloading 0 native plugins for Editor in 0.00 ms.
Initialize engine version: 2020.3.16f1 (049d6eca3c44)
[Subsystems] Discovering subsystems at path C:/Program Files/Unity/Hub/Editor/2020.3.16f1/Editor/Data/Resources/UnitySubsystems
[Subsystems] Discovering subsystems at path C:/Users/JoseM/Documents/GitHub/Chema_kart/New Unity Project/Assets
GfxDevice: creating device client; threaded=0
Direct3D:
    Version:  Direct3D 11.0 [level 11.1]
    Renderer: NVIDIA GeForce RTX 2060 (ID=0x1f15)
    Vendor:   
    VRAM:     5980 MB
    Driver:   27.21.14.6089
Initialize mono
Mono path[0] = 'C:/Program Files/Unity/Hub/Editor/2020.3.16f1/Editor/Data/Managed'
Mono path[1] = 'C:/Program Files/Unity/Hub/Editor/2020.3.16f1/Editor/Data/MonoBleedingEdge/lib/mono/unityjit'
Mono config path = 'C:/Program Files/Unity/Hub/Editor/2020.3.16f1/Editor/Data/MonoBleedingEdge/etc'
Using monoOptions --debugger-agent=transport=dt_socket,embedding=1,server=y,suspend=n,address=127.0.0.1:56624
Begin MonoManager ReloadAssembly
Registering precompiled unity dll's ...
Register platform support module: C:/Program Files/Unity/Hub/Editor/2020.3.16f1/Editor/Data/PlaybackEngines/WindowsStandaloneSupport/UnityEditor.WindowsStandalone.Extensions.dll
Registered in 0.003278 seconds.
Native extension for WindowsStandalone target not found
Refreshing native plugins compatible for Editor in 47.48 ms, found 2 plugins.
Preloading 0 native plugins for Editor in 0.00 ms.
Mono: successfully reloaded assembly
- Completed reload, in  1.665 seconds
Domain Reload Profiling:
	ReloadAssembly (1665ms)
		BeginReloadAssembly (53ms)
			ExecutionOrderSort (0ms)
			DisableScriptedObjects (0ms)
			BackupInstance (0ms)
			ReleaseScriptingObjects (0ms)
			CreateAndSetChildDomain (1ms)
		EndReloadAssembly (401ms)
			LoadAssemblies (49ms)
			RebuildTransferFunctionScriptingTraits (0ms)
			SetupTypeCache (133ms)
			ReleaseScriptCaches (0ms)
			RebuildScriptCaches (28ms)
			SetupLoadedEditorAssemblies (169ms)
				LogAssemblyErrors (0ms)
				InitializePlatformSupportModulesInManaged (4ms)
				SetLoadedEditorAssemblies (0ms)
				RefreshPlugins (48ms)
				BeforeProcessingInitializeOnLoad (17ms)
				ProcessInitializeOnLoadAttributes (74ms)
				ProcessInitializeOnLoadMethodAttributes (26ms)
				AfterProcessingInitializeOnLoad (0ms)
				EditorAssembliesLoaded (0ms)
			ExecutionOrderSort2 (0ms)
			AwakeInstancesAfterBackupRestoration (0ms)
Platform modules already initialized, skipping
Registering precompiled user dll's ...
Registered in 0.009256 seconds.
Begin MonoManager ReloadAssembly
Native extension for WindowsStandalone target not found
Refreshing native plugins compatible for Editor in 0.66 ms, found 2 plugins.
Preloading 0 native plugins for Editor in 0.00 ms.
Mono: successfully reloaded assembly
- Completed reload, in  1.114 seconds
Domain Reload Profiling:
	ReloadAssembly (1115ms)
		BeginReloadAssembly (135ms)
			ExecutionOrderSort (0ms)
			DisableScriptedObjects (4ms)
			BackupInstance (0ms)
			ReleaseScriptingObjects (0ms)
			CreateAndSetChildDomain (20ms)
		EndReloadAssembly (911ms)
			LoadAssemblies (99ms)
			RebuildTransferFunctionScriptingTraits (0ms)
			SetupTypeCache (280ms)
			ReleaseScriptCaches (0ms)
			RebuildScriptCaches (46ms)
			SetupLoadedEditorAssemblies (391ms)
				LogAssemblyErrors (0ms)
				InitializePlatformSupportModulesInManaged (6ms)
				SetLoadedEditorAssemblies (1ms)
				RefreshPlugins (1ms)
				BeforeProcessingInitializeOnLoad (88ms)
				ProcessInitializeOnLoadAttributes (269ms)
				ProcessInitializeOnLoadMethodAttributes (15ms)
				AfterProcessingInitializeOnLoad (11ms)
				EditorAssembliesLoaded (0ms)
			ExecutionOrderSort2 (0ms)
			AwakeInstancesAfterBackupRestoration (6ms)
Platform modules already initialized, skipping
========================================================================
Worker process is ready to serve import requests
Launched and connected shader compiler UnityShaderCompiler.exe after 0.12 seconds
Refreshing native plugins compatible for Editor in 0.52 ms, found 2 plugins.
Preloading 0 native plugins for Editor in 0.00 ms.
Unloading 2002 Unused Serialized files (Serialized files now loaded: 0)
System memory in use before: 89.7 MB.
System memory in use after: 89.8 MB.

Unloading 23 unused Assets to reduce memory usage. Loaded Objects now: 2432.
Total: 4.044000 ms (FindLiveObjects: 0.259300 ms CreateObjectMapping: 0.083400 ms MarkObjects: 3.626900 ms  DeleteObjects: 0.072700 ms)

AssetImportParameters requested are different than current active one (requested -> active):
  custom:framework-win-MediaFoundation: 216162199b28c13a410421893ffa2e32 -> 
  custom:video-decoder-ogg-theora: a1e56fd34408186e4bbccfd4996cb3dc -> 
  custom:container-muxer-webm: aa71ff27fc2769a1b78a27578f13a17b -> 
  custom:container-demuxer-webm: 4f35f7cbe854078d1ac9338744f61a02 -> 
  custom:container-demuxer-ogg: 62fdf1f143b41e24485cea50d1cbac27 -> 
  custom:video-encoder-webm-vp8: eb34c28f22e8b96e1ab97ce403110664 -> 
  custom:video-codec-MediaFoundation-h265: 746d11721c4dcdbdad8f713fa42b33f4 -> 
  custom:video-decoder-webm-vp8: 9c59270c3fd7afecdb556c50c9e8de78 -> 
  custom:audio-decoder-ogg-vorbis: bf7c407c2cedff20999df2af8eb42d56 -> 
  custom:audio-encoder-webm-vorbis: bf7c407c2cedff20999df2af8eb42d56 -> 
========================================================================
Received Import Request.
  path: Assets/prefabs/PlayerSpawn.prefab
  artifactKey: Guid(335911a3e9b551b4eac54d9a33472b07) Importer(815301076,1909f56bfc062723c751e8b465ee728b)
Start importing Assets/prefabs/PlayerSpawn.prefab using Guid(335911a3e9b551b4eac54d9a33472b07) Importer(815301076,1909f56bfc062723c751e8b465ee728b)  -> (artifact id: '6886a586563c259e15565132fb58bd58') in 0.072415 seconds 
  Import took 0.075686 seconds .

========================================================================
Received Import Request.
  Time since last request: 0.000201 seconds.
  path: Assets/prefabs/muscle car.prefab
  artifactKey: Guid(eacf4ce76c265be4a9182e1e3b9a65eb) Importer(815301076,1909f56bfc062723c751e8b465ee728b)
Start importing Assets/prefabs/muscle car.prefab using Guid(eacf4ce76c265be4a9182e1e3b9a65eb) Importer(815301076,1909f56bfc062723c751e8b465ee728b)  -> (artifact id: 'fa679df506acfeccaa7c3922ca520643') in 0.110355 seconds 
  Import took 0.113880 seconds .

========================================================================
Received Import Request.
  Time since last request: 8.822274 seconds.
  path: Assets/prefabs/muscle car.prefab
  artifactKey: Guid(eacf4ce76c265be4a9182e1e3b9a65eb) Importer(815301076,1909f56bfc062723c751e8b465ee728b)
Start importing Assets/prefabs/muscle car.prefab using Guid(eacf4ce76c265be4a9182e1e3b9a65eb) Importer(815301076,1909f56bfc062723c751e8b465ee728b)  -> (artifact id: 'c458afbfbdcc32299bfcf04682c111d1') in 0.037967 seconds 
  Import took 0.042506 seconds .

========================================================================
Received Import Request.
  Time since last request: 0.000307 seconds.
  path: Assets/prefabs/PlayerSpawn.prefab
  artifactKey: Guid(335911a3e9b551b4eac54d9a33472b07) Importer(815301076,1909f56bfc062723c751e8b465ee728b)
Start importing Assets/prefabs/PlayerSpawn.prefab using Guid(335911a3e9b551b4eac54d9a33472b07) Importer(815301076,1909f56bfc062723c751e8b465ee728b)  -> (artifact id: 'f9d6a3bfc4809abceff5c7b369a467d3') in 0.011211 seconds 
  Import took 0.014649 seconds .

========================================================================
Received Import Request.
  Time since last request: 6.461244 seconds.
  path: Assets/prefabs/muscle car.prefab
  artifactKey: Guid(eacf4ce76c265be4a9182e1e3b9a65eb) Importer(815301076,1909f56bfc062723c751e8b465ee728b)
Start importing Assets/prefabs/muscle car.prefab using Guid(eacf4ce76c265be4a9182e1e3b9a65eb) Importer(815301076,1909f56bfc062723c751e8b465ee728b)  -> (artifact id: '777cd64907b381fb2ecbc1c053c26315') in 0.025283 seconds 
  Import took 0.029405 seconds .

========================================================================
Received Import Request.
  Time since last request: 0.000252 seconds.
  path: Assets/prefabs/PlayerSpawn.prefab
  artifactKey: Guid(335911a3e9b551b4eac54d9a33472b07) Importer(815301076,1909f56bfc062723c751e8b465ee728b)
Start importing Assets/prefabs/PlayerSpawn.prefab using Guid(335911a3e9b551b4eac54d9a33472b07) Importer(815301076,1909f56bfc062723c751e8b465ee728b)  -> (artifact id: 'b6d2a470fb86c44c1e952f2d48987f5e') in 0.009666 seconds 
  Import took 0.013267 seconds .

========================================================================
Received Import Request.
  Time since last request: 10.075233 seconds.
  path: Assets/prefabs/PlayerSpawn.prefab
  artifactKey: Guid(335911a3e9b551b4eac54d9a33472b07) Importer(815301076,1909f56bfc062723c751e8b465ee728b)
Start importing Assets/prefabs/PlayerSpawn.prefab using Guid(335911a3e9b551b4eac54d9a33472b07) Importer(815301076,1909f56bfc062723c751e8b465ee728b)  -> (artifact id: '7036de9aad1b24c5916ccaa2fc30d1eb') in 0.009674 seconds 
  Import took 0.013272 seconds .

========================================================================
Received Import Request.
  Time since last request: 30.228568 seconds.
  path: Assets/prefabs/PlayerSpawn.prefab
  artifactKey: Guid(335911a3e9b551b4eac54d9a33472b07) Importer(815301076,1909f56bfc062723c751e8b465ee728b)
Start importing Assets/prefabs/PlayerSpawn.prefab using Guid(335911a3e9b551b4eac54d9a33472b07) Importer(815301076,1909f56bfc062723c751e8b465ee728b)  -> (artifact id: 'dd97094788d877ae3a9ed645b05e7bee') in 0.009940 seconds 
  Import took 0.013354 seconds .

========================================================================
Received Import Request.
  Time since last request: 20.513789 seconds.
  path: Assets/scripts/car_controller.cs
  artifactKey: Guid(b3c1a0763967c23408f1f4cebc671901) Importer(815301076,1909f56bfc062723c751e8b465ee728b)
Start importing Assets/scripts/car_controller.cs using Guid(b3c1a0763967c23408f1f4cebc671901) Importer(815301076,1909f56bfc062723c751e8b465ee728b)  -> (artifact id: '4a03fbb4521d4edfbbb9b2fdd4760adf') in 0.016817 seconds 
  Import took 0.019915 seconds .

========================================================================
Received Import Request.
  Time since last request: 330.890947 seconds.
  path: Assets/scripts/car_controller.cs
  artifactKey: Guid(b3c1a0763967c23408f1f4cebc671901) Importer(815301076,1909f56bfc062723c751e8b465ee728b)
Start importing Assets/scripts/car_controller.cs using Guid(b3c1a0763967c23408f1f4cebc671901) Importer(815301076,1909f56bfc062723c751e8b465ee728b)  -> (artifact id: 'e0bf330808306207fe4060759ff85a3c') in 0.002985 seconds 
  Import took 0.006168 seconds .

========================================================================
Received Prepare
Registering precompiled user dll's ...
Registered in 0.007427 seconds.
Begin MonoManager ReloadAssembly
Native extension for WindowsStandalone target not found
Refreshing native plugins compatible for Editor in 0.56 ms, found 2 plugins.
Preloading 0 native plugins for Editor in 0.00 ms.
Mono: successfully reloaded assembly
- Completed reload, in  1.002 seconds
Domain Reload Profiling:
	ReloadAssembly (1002ms)
		BeginReloadAssembly (115ms)
			ExecutionOrderSort (0ms)
			DisableScriptedObjects (3ms)
			BackupInstance (0ms)
			ReleaseScriptingObjects (0ms)
			CreateAndSetChildDomain (32ms)
		EndReloadAssembly (816ms)
			LoadAssemblies (93ms)
			RebuildTransferFunctionScriptingTraits (0ms)
			SetupTypeCache (250ms)
			ReleaseScriptCaches (1ms)
			RebuildScriptCaches (36ms)
			SetupLoadedEditorAssemblies (352ms)
				LogAssemblyErrors (0ms)
				InitializePlatformSupportModulesInManaged (5ms)
				SetLoadedEditorAssemblies (0ms)
				RefreshPlugins (1ms)
				BeforeProcessingInitializeOnLoad (81ms)
				ProcessInitializeOnLoadAttributes (244ms)
				ProcessInitializeOnLoadMethodAttributes (11ms)
				AfterProcessingInitializeOnLoad (10ms)
				EditorAssembliesLoaded (0ms)
			ExecutionOrderSort2 (0ms)
			AwakeInstancesAfterBackupRestoration (6ms)
Platform modules already initialized, skipping
Refreshing native plugins compatible for Editor in 0.53 ms, found 2 plugins.
Preloading 0 native plugins for Editor in 0.00 ms.
Unloading 1995 Unused Serialized files (Serialized files now loaded: 0)
System memory in use before: 92.6 MB.
System memory in use after: 92.7 MB.

Unloading 18 unused Assets to reduce memory usage. Loaded Objects now: 2442.
Total: 3.296900 ms (FindLiveObjects: 0.196300 ms CreateObjectMapping: 0.045200 ms MarkObjects: 3.032400 ms  DeleteObjects: 0.021700 ms)

AssetImportParameters requested are different than current active one (requested -> active):
  custom:framework-win-MediaFoundation: 216162199b28c13a410421893ffa2e32 -> 
  custom:video-decoder-ogg-theora: a1e56fd34408186e4bbccfd4996cb3dc -> 
  custom:container-muxer-webm: aa71ff27fc2769a1b78a27578f13a17b -> 
  custom:container-demuxer-webm: 4f35f7cbe854078d1ac9338744f61a02 -> 
  custom:container-demuxer-ogg: 62fdf1f143b41e24485cea50d1cbac27 -> 
  custom:video-encoder-webm-vp8: eb34c28f22e8b96e1ab97ce403110664 -> 
  custom:video-codec-MediaFoundation-h265: 746d11721c4dcdbdad8f713fa42b33f4 -> 
  custom:video-decoder-webm-vp8: 9c59270c3fd7afecdb556c50c9e8de78 -> 
  custom:audio-decoder-ogg-vorbis: bf7c407c2cedff20999df2af8eb42d56 -> 
  custom:audio-encoder-webm-vorbis: bf7c407c2cedff20999df2af8eb42d56 -> 
========================================================================
Received Prepare
Registering precompiled user dll's ...
Registered in 0.009098 seconds.
Begin MonoManager ReloadAssembly
Native extension for WindowsStandalone target not found
Refreshing native plugins compatible for Editor in 0.53 ms, found 2 plugins.
Preloading 0 native plugins for Editor in 0.00 ms.
Mono: successfully reloaded assembly
- Completed reload, in  0.968 seconds
Domain Reload Profiling:
	ReloadAssembly (968ms)
		BeginReloadAssembly (109ms)
			ExecutionOrderSort (0ms)
			DisableScriptedObjects (3ms)
			BackupInstance (0ms)
			ReleaseScriptingObjects (0ms)
			CreateAndSetChildDomain (31ms)
		EndReloadAssembly (794ms)
			LoadAssemblies (86ms)
			RebuildTransferFunctionScriptingTraits (0ms)
			SetupTypeCache (249ms)
			ReleaseScriptCaches (1ms)
			RebuildScriptCaches (33ms)
			SetupLoadedEditorAssemblies (335ms)
				LogAssemblyErrors (0ms)
				InitializePlatformSupportModulesInManaged (4ms)
				SetLoadedEditorAssemblies (0ms)
				RefreshPlugins (1ms)
				BeforeProcessingInitializeOnLoad (76ms)
				ProcessInitializeOnLoadAttributes (234ms)
				ProcessInitializeOnLoadMethodAttributes (9ms)
				AfterProcessingInitializeOnLoad (10ms)
				EditorAssembliesLoaded (0ms)
			ExecutionOrderSort2 (0ms)
			AwakeInstancesAfterBackupRestoration (7ms)
Platform modules already initialized, skipping
Refreshing native plugins compatible for Editor in 0.57 ms, found 2 plugins.
Preloading 0 native plugins for Editor in 0.00 ms.
Unloading 1995 Unused Serialized files (Serialized files now loaded: 0)
System memory in use before: 92.6 MB.
System memory in use after: 92.8 MB.

Unloading 18 unused Assets to reduce memory usage. Loaded Objects now: 2444.
Total: 3.308100 ms (FindLiveObjects: 0.189700 ms CreateObjectMapping: 0.043800 ms MarkObjects: 3.053400 ms  DeleteObjects: 0.020000 ms)

AssetImportParameters requested are different than current active one (requested -> active):
  custom:framework-win-MediaFoundation: 216162199b28c13a410421893ffa2e32 -> 
  custom:video-decoder-ogg-theora: a1e56fd34408186e4bbccfd4996cb3dc -> 
  custom:container-muxer-webm: aa71ff27fc2769a1b78a27578f13a17b -> 
  custom:container-demuxer-webm: 4f35f7cbe854078d1ac9338744f61a02 -> 
  custom:container-demuxer-ogg: 62fdf1f143b41e24485cea50d1cbac27 -> 
  custom:video-encoder-webm-vp8: eb34c28f22e8b96e1ab97ce403110664 -> 
  custom:video-codec-MediaFoundation-h265: 746d11721c4dcdbdad8f713fa42b33f4 -> 
  custom:video-decoder-webm-vp8: 9c59270c3fd7afecdb556c50c9e8de78 -> 
  custom:audio-decoder-ogg-vorbis: bf7c407c2cedff20999df2af8eb42d56 -> 
  custom:audio-encoder-webm-vorbis: bf7c407c2cedff20999df2af8eb42d56 -> 
========================================================================
Received Import Request.
  Time since last request: 66.281652 seconds.
  path: Assets/prefabs/PlayerSpawn.prefab
  artifactKey: Guid(335911a3e9b551b4eac54d9a33472b07) Importer(815301076,1909f56bfc062723c751e8b465ee728b)
Start importing Assets/prefabs/PlayerSpawn.prefab using Guid(335911a3e9b551b4eac54d9a33472b07) Importer(815301076,1909f56bfc062723c751e8b465ee728b)  -> (artifact id: 'b61edf16f0e5b51e02918a5900cbc54c') in 0.042821 seconds 
  Import took 0.046775 seconds .

========================================================================
Received Import Request.
  Time since last request: 0.000201 seconds.
  path: Assets/prefabs/muscle car.prefab
  artifactKey: Guid(eacf4ce76c265be4a9182e1e3b9a65eb) Importer(815301076,1909f56bfc062723c751e8b465ee728b)
Start importing Assets/prefabs/muscle car.prefab using Guid(eacf4ce76c265be4a9182e1e3b9a65eb) Importer(815301076,1909f56bfc062723c751e8b465ee728b)  -> (artifact id: 'b32c99d445713ff345ef832e34b5a568') in 0.037284 seconds 
  Import took 0.040320 seconds .

========================================================================
Received Prepare
Registering precompiled user dll's ...
Registered in 0.007880 seconds.
Begin MonoManager ReloadAssembly
Native extension for WindowsStandalone target not found
Refreshing native plugins compatible for Editor in 0.59 ms, found 2 plugins.
Preloading 0 native plugins for Editor in 0.00 ms.
Mono: successfully reloaded assembly
- Completed reload, in  0.974 seconds
Domain Reload Profiling:
	ReloadAssembly (974ms)
		BeginReloadAssembly (119ms)
			ExecutionOrderSort (0ms)
			DisableScriptedObjects (6ms)
			BackupInstance (0ms)
			ReleaseScriptingObjects (0ms)
			CreateAndSetChildDomain (33ms)
		EndReloadAssembly (791ms)
			LoadAssemblies (86ms)
			RebuildTransferFunctionScriptingTraits (0ms)
			SetupTypeCache (248ms)
			ReleaseScriptCaches (1ms)
			RebuildScriptCaches (34ms)
			SetupLoadedEditorAssemblies (334ms)
				LogAssemblyErrors (0ms)
				InitializePlatformSupportModulesInManaged (4ms)
				SetLoadedEditorAssemblies (0ms)
				RefreshPlugins (1ms)
				BeforeProcessingInitializeOnLoad (75ms)
				ProcessInitializeOnLoadAttributes (232ms)
				ProcessInitializeOnLoadMethodAttributes (11ms)
				AfterProcessingInitializeOnLoad (10ms)
				EditorAssembliesLoaded (0ms)
			ExecutionOrderSort2 (0ms)
			AwakeInstancesAfterBackupRestoration (6ms)
Platform modules already initialized, skipping
Refreshing native plugins compatible for Editor in 0.54 ms, found 2 plugins.
Preloading 0 native plugins for Editor in 0.00 ms.
Unloading 1995 Unused Serialized files (Serialized files now loaded: 0)
System memory in use before: 92.7 MB.
System memory in use after: 92.8 MB.

Unloading 18 unused Assets to reduce memory usage. Loaded Objects now: 2447.
Total: 3.775300 ms (FindLiveObjects: 0.254200 ms CreateObjectMapping: 0.087300 ms MarkObjects: 3.408900 ms  DeleteObjects: 0.023200 ms)

AssetImportParameters requested are different than current active one (requested -> active):
  custom:framework-win-MediaFoundation: 216162199b28c13a410421893ffa2e32 -> 
  custom:video-decoder-ogg-theora: a1e56fd34408186e4bbccfd4996cb3dc -> 
  custom:container-muxer-webm: aa71ff27fc2769a1b78a27578f13a17b -> 
  custom:container-demuxer-webm: 4f35f7cbe854078d1ac9338744f61a02 -> 
  custom:container-demuxer-ogg: 62fdf1f143b41e24485cea50d1cbac27 -> 
  custom:video-encoder-webm-vp8: eb34c28f22e8b96e1ab97ce403110664 -> 
  custom:video-codec-MediaFoundation-h265: 746d11721c4dcdbdad8f713fa42b33f4 -> 
  custom:video-decoder-webm-vp8: 9c59270c3fd7afecdb556c50c9e8de78 -> 
  custom:audio-decoder-ogg-vorbis: bf7c407c2cedff20999df2af8eb42d56 -> 
  custom:audio-encoder-webm-vorbis: bf7c407c2cedff20999df2af8eb42d56 -> 
========================================================================
Received Import Request.
  Time since last request: 45.800956 seconds.
  path: Assets/prefabs/PlayerSpawn.prefab
  artifactKey: Guid(335911a3e9b551b4eac54d9a33472b07) Importer(815301076,1909f56bfc062723c751e8b465ee728b)
Start importing Assets/prefabs/PlayerSpawn.prefab using Guid(335911a3e9b551b4eac54d9a33472b07) Importer(815301076,1909f56bfc062723c751e8b465ee728b)  -> (artifact id: '09aab201dda8e0c9c951394782443149') in 0.042647 seconds 
  Import took 0.045960 seconds .

========================================================================
Received Import Request.
  Time since last request: 17.035076 seconds.
  path: Assets/prefabs/PlayerSpawn.prefab
  artifactKey: Guid(335911a3e9b551b4eac54d9a33472b07) Importer(815301076,1909f56bfc062723c751e8b465ee728b)
Start importing Assets/prefabs/PlayerSpawn.prefab using Guid(335911a3e9b551b4eac54d9a33472b07) Importer(815301076,1909f56bfc062723c751e8b465ee728b)  -> (artifact id: '52f0d3c7bd6e71c1aac21bd89e8aba7d') in 0.010925 seconds 
  Import took 0.014657 seconds .

========================================================================
Received Import Request.
  Time since last request: 2.400475 seconds.
  path: Assets/prefabs/PlayerSpawn.prefab
  artifactKey: Guid(335911a3e9b551b4eac54d9a33472b07) Importer(815301076,1909f56bfc062723c751e8b465ee728b)
Start importing Assets/prefabs/PlayerSpawn.prefab using Guid(335911a3e9b551b4eac54d9a33472b07) Importer(815301076,1909f56bfc062723c751e8b465ee728b)  -> (artifact id: 'd0fdb0e92a6960f11272fb61f49966d1') in 0.007704 seconds 
  Import took 0.011173 seconds .

========================================================================
Received Import Request.
  Time since last request: 13.280653 seconds.
  path: Assets/prefabs/PlayerSpawn.prefab
  artifactKey: Guid(335911a3e9b551b4eac54d9a33472b07) Importer(815301076,1909f56bfc062723c751e8b465ee728b)
Start importing Assets/prefabs/PlayerSpawn.prefab using Guid(335911a3e9b551b4eac54d9a33472b07) Importer(815301076,1909f56bfc062723c751e8b465ee728b)  -> (artifact id: 'c6123f6d8970ec43018753cfe6f7baa3') in 0.006903 seconds 
  Import took 0.010479 seconds .

========================================================================
Received Import Request.
  Time since last request: 6.082693 seconds.
  path: Assets/prefabs/PlayerSpawn.prefab
  artifactKey: Guid(335911a3e9b551b4eac54d9a33472b07) Importer(815301076,1909f56bfc062723c751e8b465ee728b)
Start importing Assets/prefabs/PlayerSpawn.prefab using Guid(335911a3e9b551b4eac54d9a33472b07) Importer(815301076,1909f56bfc062723c751e8b465ee728b)  -> (artifact id: '5e87c507a2e537c6880c7194a6b6ff4a') in 0.006359 seconds 
  Import took 0.009398 seconds .

========================================================================
Received Import Request.
  Time since last request: 6.889706 seconds.
  path: Assets/prefabs/PlayerSpawn.prefab
  artifactKey: Guid(335911a3e9b551b4eac54d9a33472b07) Importer(815301076,1909f56bfc062723c751e8b465ee728b)
Start importing Assets/prefabs/PlayerSpawn.prefab using Guid(335911a3e9b551b4eac54d9a33472b07) Importer(815301076,1909f56bfc062723c751e8b465ee728b)  -> (artifact id: '9b6a46ced4bf48a227b7535f0f4b4f41') in 0.006694 seconds 
  Import took 0.009846 seconds .

AssetImportWorkerClient::OnTransportError - code=2 error=End of file
